李钟硕
	No Any Difference
我可能不会爱你
	No Any Difference
爱在春天
	No Any Difference
天天有喜
	No Any Difference
11028306
	Connect Error
alwayswithme
	No Any Difference
花木兰传奇2013下载
	No Any Difference
:178我叫mt第7季
	No Any Difference
黄色做爱
	No Any Difference
蓝色多瑙河全曲钢琴视频
	No Any Difference
孔子
	Connect Error
美女恶搞
	No Any Difference
engadget
	No Any Difference
希特勒
	No Any Difference
戴拿奥特曼玩具
	No Any Difference
新楚留香
	No Any Difference
非常完美
	No Any Difference
甄环传全剧
	No Any Difference
街舞视频教程大全
	No Any Difference
封神榜之武王伐纣
	No Any Difference
少林足球唱歌
	No Any Difference
楚汉传奇电视80连续剧
	No Any Difference
vitas白俄罗斯
	No Any Difference
爱探险的朵拉
	No Any Difference
时事求是
	No Any Difference
逻辑思维
	No Any Difference
nba2konline联赛
	No Any Difference
2013泳装模特大赛
	No Any Difference
能出没
	No Any Difference
黑桐谷歌
	No Any Difference
微点影
	No Any Difference
cf
	No Any Difference
我的美女老板
	No Any Difference
残酷月光
	No Any Difference
爱情雪徐贤
	No Any Difference
海绵宝宝
	No Any Difference
斗牌传说
	No Any Difference
王者清风
	Connect Error
网球王子
	No Any Difference
周星驰~周润发
	No Any Difference
巧虎乐智小天地幼幼版
	No Any Difference
f0拉高速
	Connect Error
简单的英语
	No Any Difference
奥米亚康
	No Any Difference
100303
	Connect Error
无良公安为虎作伥欺负12岁小女生，求正义人士讨个公道！
	No Any Difference
17093566
	No Any Difference
云南山歌
	No Any Difference
陈紫函暴光
	No Any Difference
善良的男人
	No Any Difference
郭德纲
	No Any Difference
3903411
	No Any Difference
starking中国人
	No Any Difference
钓鱼
	No Any Difference
黄金帝国9预告
	No Any Difference
大女人遇上小男人1
	No Any Difference
中国好声音
	No Any Difference
movie
	Connect Error
谢霆锋演唱会
	No Any Difference
axik
	No Any Difference
尼罗河的女儿
	No Any Difference
李胜基演唱会
	No Any Difference
落叶归根
	No Any Difference
小智
	No Any Difference
勉强幸福
	No Any Difference
郑云工作室2013最新
	No Any Difference
pmam
	No Any Difference
3级成人色情片裸体做爱
	No Any Difference
龙甘威2粤语
	No Any Difference
mbc
	No Any Difference
儿童跳舞视频大全
	No Any Difference
天天有喜电视全剧集
	No Any Difference
21115987
	No Any Difference
康吉
	No Any Difference
果宝特攻第3部动画片
	No Any Difference
刘寡妇选亲
	No Any Difference
弟弟和姐姐做爱动漫版
	No Any Difference
洛洛历险记
	No Any Difference
黄飞鸿
	No Any Difference
telugu2013
	No Any Difference
两性豪情
	Connect Error
凰图腾
	Connect Error
海贼王
	No Any Difference
妄尽还源观第六集
	No Any Difference
10162327
	No Any Difference
大耳朵图图
	No Any Difference
lol
	No Any Difference
38393720
	No Any Difference
爵士舞
	No Any Difference
坂道上的阿波罗第5话
	No Any Difference
玛丽亚凯莉演唱会
	No Any Difference
1652750
	No Any Difference
信宜玉都风情网
	No Any Difference
金枝欲孽2
	No Any Difference
henanxiquxiaopin
	Connect Error
running
	No Any Difference
两天一夜
	No Any Difference
上译配音
	No Any Difference
执着夫妇
	No Any Difference
月刊ゴールデンボンバー
	No Any Difference
又没有人告诉你吉它
	No Any Difference
天天有喜
	No Any Difference
nexus
	No Any Difference
终极一班3
	No Any Difference
小泽玛丽亚
	No Any Difference
火影忍者
	No Any Difference
熊猫人
	No Any Difference
真爱无价
	No Any Difference
洛丽塔
	No Any Difference
火柴人动画
	No Any Difference
绝对不会射的男人
	No Any Difference
师傅明白了
	No Any Difference
成龙成功访谈视频
	No Any Difference
足球尤物
	No Any Difference
鸡
	Connect Error
我的世界舞秋风
	No Any Difference
爱情雨
	No Any Difference
周杰伦
	No Any Difference
画皮之真爱无悔全部拍戏
	No Any Difference
新闻联播
	Connect Error
死亡航班
	No Any Difference
快乐男生搞笑
	No Any Difference
游戏top10
	No Any Difference
兰花劫
	Connect Error
歌如潮
	No Any Difference
24022368
	No Any Difference
fx组合
	No Any Difference
珍珠架子鼓
	No Any Difference
瑜伽初级教程在家练全套
	Connect Error
上海一天
	No Any Difference
处女
	No Any Difference
老湿
	No Any Difference
精灵宝可梦超级愿望
	No Any Difference
宠物小精灵
	No Any Difference
爱情公寓1
	No Any Difference
简单易学健美操
	No Any Difference
新恋爱时代
	No Any Difference
康熙来了exo
	No Any Difference
终极一班3
	No Any Difference
上译配音
	No Any Difference
100yil
	No Any Difference
枪魂冰子
	No Any Difference
§
	No Any Difference
高曙光
	No Any Difference
大师王林
	No Any Difference
二分之一缘分
	No Any Difference
nike精品篮球教学
	No Any Difference
isabelbhatnagar
	No Any Difference
2013张根硕演唱会
	No Any Difference
智勇新警界
	No Any Difference
精忠岳飞
	No Any Difference
爱笑会议室2013
	No Any Difference
岳云鹏
	No Any Difference
mrtaxi
	No Any Difference
宋茜
	No Any Difference
we
	No Any Difference
黄立行
	No Any Difference
rum
	No Any Difference
夫妻俩
	No Any Difference
天天有喜电视全片集
	No Any Difference
山楂樹之戀
	No Any Difference
圣魔
	No Any Difference
爱的回归线
	No Any Difference
ultimate
	No Any Difference
金色琴弦
	No Any Difference
三汲片
	No Any Difference
泰剧
	No Any Difference
18273145
	No Any Difference
爆丸
	Connect Error
名师点评
	No Any Difference
非常营救
	No Any Difference
古代电影
	No Any Difference
初音未来f
	No Any Difference
紧急按钮
	No Any Difference
反黑使命2
	No Any Difference
好看的舞蹈
	No Any Difference
32384567
	No Any Difference
2011亚洲音乐盛典完整
	No Any Difference
火影
	No Any Difference
我和僵尸有个约会第2部
	No Any Difference
常石磊
	No Any Difference
邵氏鬼片
	No Any Difference
动画片
	No Any Difference
高慧君
	No Any Difference
肩上蝶
	No Any Difference
13936447
	No Any Difference
康熙来了2013
	Connect Error
美国魔术师
	No Any Difference
麻母
	No Any Difference
三毛
	No Any Difference
sistar
	No Any Difference
盐城农村风俗过生日磕头
	No Any Difference
冲上云霄2[粤语]08[www.haaee.com]
	No Any Difference
战雷
	No Any Difference
人狼
	No Any Difference
真三
	No Any Difference
银河系
	No Any Difference
飞天坦克
	No Any Difference
1716284
	No Any Difference
活性炭口罩怎么带
	No Any Difference
7747685
	No Any Difference
听见你的声音
	No Any Difference
俄罗斯车祸集锦
	No Any Difference
冲上云霄2部粤语
	No Any Difference
高跟
	No Any Difference
调音师
	No Any Difference
啦啦啦德玛西亚
	No Any Difference
电视据
	No Any Difference
中国好声音第2季
	No Any Difference
海信tf2906dh的电源图
	No Any Difference
罗大佑
	No Any Difference
佳木斯
	No Any Difference
真爱无价中文版安徽卫视
	No Any Difference
星际宝贝
	No Any Difference
女人我最大
	No Any Difference
trim.7vafmw.mov
	No Any Difference
30712623
	No Any Difference
梦立方
	No Any Difference
三国争霸
	No Any Difference
25020830
	No Any Difference
韩国瘦身操
	No Any Difference
机器人
	No Any Difference
16322363
	No Any Difference
速写教学示范
	No Any Difference
4619984
	No Any Difference
全集播放放羊的星星
	No Any Difference
跆拳道教学视频
	No Any Difference
郑州三八节
	No Any Difference
省港旗兵3
	No Any Difference
四川
	No Any Difference
ipad2
	No Any Difference
getitbeauty
	No Any Difference
晚秋
	No Any Difference
??г?э??
	No Any Difference
14741077
	No Any Difference
捆绑裸女虐待
	No Any Difference
è
	No Any Difference
探索发现秘境追踪
	No Any Difference
犬夜叉剧场版
	No Any Difference
又见一帘幽梦1
	No Any Difference
艾吉奥的一生
	No Any Difference
萧亚轩热舞
	No Any Difference
香瓜七兄弟
	No Any Difference
范曾
	No Any Difference
啦啦啦德玛西亚第3季
	No Any Difference
hanson
	No Any Difference
脑残
	No Any Difference
传奇故事
	No Any Difference
国家机密
	No Any Difference
n
	No Any Difference
7479788
	No Any Difference
天线宝宝第14部
	No Any Difference
淮剧
	No Any Difference
火
	No Any Difference
一吻定情
	No Any Difference
相爱就爱
	No Any Difference
初音
	No Any Difference
进击的巨人
	No Any Difference
bigbang现场
	No Any Difference
不要用我的爱来伤害我
	No Any Difference
三傻大闹宝莱坞
	No Any Difference
穿越火线刀战
	No Any Difference
爱情公寓4美嘉生产
	No Any Difference
末日之战
	No Any Difference
美女魔术
	No Any Difference
致我们终将逝去的青春
	No Any Difference
三国战纪
	No Any Difference
广场舞
	No Any Difference
最新哈萨克歌曲
	No Any Difference
33747204
	No Any Difference
闹鬼
	No Any Difference
巨人捕手杰克
	No Any Difference
一路向西
	No Any Difference
《天才知道》里的神问答，学霸党你真惹不起
	No Any Difference
穿越时空的爱恋
	No Any Difference
郑多燕减肥操中文版全套
	No Any Difference
画皮之真爱无悔
	No Any Difference
32208342
	No Any Difference
＜＜爱拼北京＞＞多多
	No Any Difference
进击的巨人
	No Any Difference
kisstheradio
	No Any Difference
李健
	No Any Difference
舞蹈教学视频
	No Any Difference
重案直击
	Connect Error
交换舞台
	No Any Difference
迈克尔杰克逊太空步
	No Any Difference
高九路路试
	No Any Difference
溆浦
	No Any Difference
爱你一万年
	No Any Difference
sexy
	No Any Difference
筏钓怎么钓
	No Any Difference
剧场版
	No Any Difference
非常了得
	No Any Difference
三浦春馬
	No Any Difference
跳舞美女
	No Any Difference
新隋唐演义
	No Any Difference
妹
	No Any Difference
爱的回归线
	No Any Difference
17881612
	No Any Difference
最炫民族风
	No Any Difference
中北大学毕业
	No Any Difference
红楼梦
	No Any Difference
后宫甄嬛传
	No Any Difference
芭比之歌星公主中文版
	No Any Difference
化氏钓技训练营
	No Any Difference
罗密欧与朱丽叶
	No Any Difference
18596194
	No Any Difference
雷达灯视频
	No Any Difference
全国电子竞技大赛
	No Any Difference
htc8s中文评测
	No Any Difference
火车
	No Any Difference
孙俪
	No Any Difference
全球好声音
	No Any Difference
我们结婚了
	No Any Difference
学生舞蹈
	No Any Difference
大鹏屌丝男士
	No Any Difference
车模
	No Any Difference
快乐男生搞笑
	No Any Difference
女
	No Any Difference
加菲猫
	No Any Difference
新polo
	No Any Difference
清华钓鱼学校
	No Any Difference
dota2
	No Any Difference
屌丝男士
	No Any Difference
secret
	No Any Difference
动作片囯语版
	No Any Difference
日本簧色片男女做爱全过程
	No Any Difference
iris
	No Any Difference
生化危机5惩罚
	No Any Difference
dota
	No Any Difference
喂乳
	No Any Difference
新结婚时代
	No Any Difference
韩国夜场
	No Any Difference
囯语版真实人生
	No Any Difference
新恋爱时代
	No Any Difference
爱情公寓4
	No Any Difference
mtv
	No Any Difference
怀旧电影
	No Any Difference
5154935
	No Any Difference
just
	No Any Difference
tattoo
	No Any Difference
7777777777777777777777777777777777777
	No Any Difference
后街男孩经典mv
	No Any Difference
seren
	No Any Difference
毁灭之王
	No Any Difference
新哆啦a梦
	No Any Difference
岳飞传黄晓明版全部
	No Any Difference
吉他弹唱那些年
	No Any Difference
汉兰达2013款试驾
	No Any Difference
周笔畅综艺节目
	No Any Difference
touch
	No Any Difference
u21英格兰pk塞尔维亚
	No Any Difference
玻璃面具粤语
	No Any Difference
福贵
	No Any Difference
呼和浩特山曲
	No Any Difference
邵氏经典
	No Any Difference
地雷战1962年
	No Any Difference
战争记录
	No Any Difference
全民公主
	No Any Difference
婚姻经营学之撒娇
	No Any Difference
心术全剧
	No Any Difference
屌丝男士第1季
	No Any Difference
冲上云霄2部粤语6
	No Any Difference
缉私群英
	No Any Difference
b.a.p
	No Any Difference
梦里水乡
	No Any Difference
粤语电影香港粤语电影
	Connect Error
镇江实验高中
	No Any Difference
新三国
	No Any Difference
夜店热舞
	No Any Difference
全民公主
	No Any Difference
欢快的少儿独舞
	No Any Difference
psp
	No Any Difference
9mm步枪
	No Any Difference
第九个寡妇
	No Any Difference
加油金顺
	Connect Error
盗贼
	No Any Difference
峰女壁女
	No Any Difference
白色宫殿
	No Any Difference
八星报喜周润发完整
	No Any Difference
女孩脱光打屁屁
	No Any Difference
怪物王女
	No Any Difference
小漠解说国服第一系列
	No Any Difference
新恋爱时代
	No Any Difference
花心大少
	No Any Difference
绝望的主妇第8季
	No Any Difference
倚天屠龙记
	No Any Difference
万达广场快闪
	No Any Difference
爱应用
	No Any Difference
mazu
	No Any Difference
超人钢铁之躯
	No Any Difference
av
	No Any Difference
飞碟说全球男人长度报告
	No Any Difference
宋茜
	No Any Difference
猫猫编织教程
	No Any Difference
天津市津南区税务局局长跳楼自杀视频
	No Any Difference
足球宝贝
	No Any Difference
济南肚皮舞
	No Any Difference
郭德纲
	No Any Difference
叶问
	No Any Difference
好朋友歌曲
	No Any Difference
中国合伙人正片完整
	No Any Difference
美女诱惑淫荡
	No Any Difference
2pm
	No Any Difference
奇舞飞扬2013
	No Any Difference
千与千寻中文版宫崎骏
	No Any Difference
追鱼
	No Any Difference
中央电视台科教频道
	No Any Difference
你那幺爱他
	No Any Difference
怪物王女
	No Any Difference
郭德纲
	No Any Difference
有关银赫的视频
	No Any Difference
外汇
	No Any Difference
exo
	No Any Difference
爱要坦荡荡
	Connect Error
父亲儿子
	No Any Difference
冲上云霄ii
	No Any Difference
珍珠港偷袭中文版电影
	No Any Difference
文根英
	No Any Difference
湖南卫视在线直播观看
	No Any Difference
古装电视剧
	No Any Difference
宝贝连续剧
	No Any Difference
尼坤明星恋人
	Connect Error
灿烂人生
	No Any Difference
冰河世纪3
	No Any Difference
beast综艺
	No Any Difference
气枪子弹成型
	No Any Difference
四个好涩的男人
	No Any Difference
爱情公寓3
	No Any Difference
李小龙传奇连续剧
	No Any Difference
地铁建设
	No Any Difference
桑海经济技术开发区
	No Any Difference
苏芮
	No Any Difference
雪花神剑中文版
	Connect Error
天龙八部
	No Any Difference
起凡
	No Any Difference
cardio
	No Any Difference
4岁小女孩背九九乘法表
	No Any Difference
5146463
	No Any Difference
ipl5世界总决赛we
	No Any Difference
你
	No Any Difference
美容
	No Any Difference
刘德华
	Connect Error
百万新娘之爱无悔第2部
	No Any Difference
小智
	No Any Difference
天龙八部黄日华版
	No Any Difference
护肤教程
	No Any Difference
红了哥哥
	No Any Difference
让子弹
	No Any Difference
cn?????
	No Any Difference
牛男盘点
	No Any Difference
特工小子3
	No Any Difference
我型我秀2006
	No Any Difference
世界十大战机
	No Any Difference
广场舞，我为什么爱上你
	No Any Difference
精神分裂症
	No Any Difference
空之境界
	No Any Difference
狙击部队第42
	No Any Difference
切尔诺贝利
	No Any Difference
生活大爆炸
	No Any Difference
粱博
	No Any Difference
食物中毒
	No Any Difference
热舞韩国
	No Any Difference
非缘勿扰
	No Any Difference
jyj
	No Any Difference
逆战通关视频
	No Any Difference
猫剪刀
	No Any Difference
黑社会暴力血腥打架视频
	No Any Difference
16322363
	No Any Difference
姐姐
	No Any Difference
华晨宇
	No Any Difference
柚木
	No Any Difference
花木兰传奇
	No Any Difference
我的未来不是梦
	No Any Difference
1134andargminitj视频byarg
	No Any Difference
金手指
	No Any Difference
吃神粤语
	No Any Difference
全自动固晶机双pr对点
	No Any Difference
krystal
	No Any Difference
2011传奇故事
	No Any Difference
穷孩子富孩子
	No Any Difference
楼藏藤
	No Any Difference
火针放血
	No Any Difference
臻爱趁现在
	No Any Difference
高校怪谈之413
	No Any Difference
欢乐颂原版
	No Any Difference
甄嬛传1至76甄嬛传全剧
	No Any Difference
小墓戏说
	No Any Difference
信息安全技术
	No Any Difference
|学车
	No Any Difference
狗狗
	No Any Difference
空之境界
	No Any Difference
黄晓明
	No Any Difference
游戏王
	No Any Difference
最恐怖的过山车
	No Any Difference
意外
	No Any Difference
天龙八部黄日华版
	No Any Difference
[中字]泰国《yes
	No Any Difference
é
	No Any Difference
终结者2018完整
	No Any Difference
粉红色唇膏囯语版
	No Any Difference
女神异闻录
	No Any Difference
玉蒲团偷情宝鉴
	No Any Difference
寂寞
	No Any Difference
sigma
	No Any Difference
美国达人秀第8季
	No Any Difference
合约
	No Any Difference
2013-4-17日晚
	No Any Difference
第十放映室
	No Any Difference
troublemaker
	No Any Difference
血滴子
	Connect Error
威麟x5
	No Any Difference
赵本山小品酒后驾车
	No Any Difference
出租女友
	No Any Difference
呼唤
	No Any Difference
最低工资标准
	No Any Difference
dota蛋疼集锦
	No Any Difference
魏晨
	No Any Difference
强奸学生妹
	No Any Difference
富春山居图
	No Any Difference
湖南卫视
	No Any Difference
nobody原版
	No Any Difference
侣行切尔诺贝利
	No Any Difference
剑侠情缘三游戏电影《花离破》
	No Any Difference
钢琴程序
	No Any Difference
猫人女王
	No Any Difference
少年包青天ll，第40集
	No Any Difference
动慢
	No Any Difference
产科接生
	No Any Difference
,oh
	No Any Difference
【柒】[综艺]101128
	No Any Difference
侠岚第五季
	No Any Difference
坏蛋是怎样炼成的1
	No Any Difference
中英字幕
	No Any Difference
大王小王2013
	No Any Difference
幼儿舞蹈
	No Any Difference
我们小区艺体能130723
	No Any Difference
破茧成蝶
	No Any Difference
hindi
	No Any Difference
纵横四海粤语
	No Any Difference
泥工跳太空舞
	No Any Difference
我们的生活比蜜甜37
	No Any Difference
krishna
	No Any Difference
覆雨翻云
	No Any Difference
漂移板教程
	Connect Error
我们结婚了维尼夫妇ep1
	No Any Difference
天天有喜
	No Any Difference
如何更换油缸o形环
	No Any Difference
nexus
	No Any Difference
非常完美崔钟晏牵手成功的视频
	No Any Difference
大爆炸
	No Any Difference
啦啦啦德玛西亚
	No Any Difference
爱情闯进门
	No Any Difference
pmam
	No Any Difference
{最佳剧情奖}
	No Any Difference
花开伊吕波
	No Any Difference
2013
	No Any Difference
最佳李纯信
	No Any Difference
杨门虎将
	No Any Difference
runningman2012
	No Any Difference
秦时明月之君临天下全局
	No Any Difference
死神来了
	No Any Difference
肌效贴
	No Any Difference
秘密花园
	No Any Difference
地心历险记1免费完整中文
	No Any Difference
蛋疼五侠
	No Any Difference
佳恩别哭
	No Any Difference
冲上云霄ii
	No Any Difference
5307587
	No Any Difference
爱情公寓2
	No Any Difference
金甁梅
	No Any Difference
我们结婚了维尼夫妇ep1
	No Any Difference
塞尔比
	No Any Difference
化蝶
	No Any Difference
pisdota从零单排
	No Any Difference
1311848477
	No Any Difference
学生舞蹈
	No Any Difference
马大帅
	No Any Difference
真三解说
	No Any Difference
3d
	No Any Difference
模范棒棒堂2008
	No Any Difference
最美和声
	No Any Difference
功夫
	No Any Difference
pleasetellmewhy
	No Any Difference
唐山大地震
	No Any Difference
中国新声代
	No Any Difference
打架斗殴砍人
	No Any Difference
桃李杯独舞心海
	No Any Difference
霹雳侠影之轰定干戈
	No Any Difference
漂浮术
	No Any Difference
孙丽
	No Any Difference
我们结婚了
	No Any Difference
庞卫国台球教程
	No Any Difference
in
	No Any Difference
深深歎息－
	No Any Difference
高露
	No Any Difference
乐高幻影刀
	No Any Difference
银婚
	No Any Difference
孙红雷
	No Any Difference
25730179
	No Any Difference
www38u.com
	No Any Difference
复仇者联盟中文版完整正片
	No Any Difference
let
	Connect Error
mostar
	No Any Difference
吉他教学入门教程完整
	No Any Difference
全职猎人2011重制版
	No Any Difference
希澈
	No Any Difference
陈丹青谈威双
	No Any Difference
生命不能承受之重（上）20120101铝中毒松花蛋
	No Any Difference
minions
	No Any Difference
lol
	No Any Difference
花泽类
	No Any Difference
爱爱囧事
	No Any Difference
bigbang演唱会
	No Any Difference
28967342
	No Any Difference
第十放映室
	No Any Difference
太祖秘史连续剧
	No Any Difference
12dora
	No Any Difference
吃奶大乳
	No Any Difference
2ne1现场
	No Any Difference
"philips"
	No Any Difference
死亡教室
	Connect Error
少女时代
	No Any Difference
银河战士融合
	No Any Difference
王子变青蛙
	No Any Difference
维多利亚的秘密
	No Any Difference
死亡教室
	No Any Difference
少女时代
	No Any Difference
银河战士融合
	No Any Difference
王子变青蛙
	No Any Difference
维多利亚的秘密
	No Any Difference
天天有喜电视全剧集
	Connect Error
咏春小龙
	No Any Difference
郭德纲最新相声
	No Any Difference
我愿是急流
	No Any Difference
angelababy.
	No Any Difference
微观经济学
	No Any Difference
灰姑娘的姐姐
	No Any Difference
洪仲丘案
	No Any Difference
爱如空气
	No Any Difference
椅子舞极度诱惑
	No Any Difference
we
	No Any Difference
crystals
	No Any Difference
38867569
	No Any Difference
bp
	No Any Difference
顺风妇产科
	No Any Difference
命运呼叫转移
	No Any Difference
暴走大事件
	No Any Difference
爱回家
	No Any Difference
逻辑思维2
	No Any Difference
精忠岳飞
	No Any Difference
武林外传
	No Any Difference
彭丹做爱
	No Any Difference
ほんまでっか
	No Any Difference
百变天使
	No Any Difference
芝麻开门
	No Any Difference
牛仔裤学生热舞慢摇
	No Any Difference
王心凌音乐
	No Any Difference
薜仁贵
	No Any Difference
仙剑奇侠传三
	No Any Difference
两天一夜
	No Any Difference
|萧亚轩
	No Any Difference
exom
	No Any Difference
myname
	No Any Difference
igdota
	No Any Difference
30712623
	No Any Difference
好声音
	Connect Error
魔幻手机2
	No Any Difference
植物大战僵尸大电影
	No Any Difference
画皮34
	No Any Difference
央视滑齿龙
	No Any Difference
经典画皮
	No Any Difference
蛋糕制作
	No Any Difference
切尔诺贝利
	No Any Difference
孙俪
	No Any Difference
the
	No Any Difference
百万新娘之爱无悔第2部
	No Any Difference
新光大道2013
	No Any Difference
残酷月光
	No Any Difference
湖南卫视
	No Any Difference
非缘勿扰
	No Any Difference
藏獒
	No Any Difference
成人礼
	No Any Difference
江南style教学
	No Any Difference
傲慢与偏见
	No Any Difference
muhtesem100
	No Any Difference
[pv]
	No Any Difference
27256146
	No Any Difference
ger
	No Any Difference
dabangg
	No Any Difference
男子游泳部
	No Any Difference
好想好想谈恋爱
	No Any Difference
朝鲜纪录片
	No Any Difference
郑多燕
	No Any Difference
2261198
	No Any Difference
少年奶爸第1季
	No Any Difference
闭嘴家族
	No Any Difference
快乐生产线
	No Any Difference
英雄联盟小智
	No Any Difference
贪心鬼见鬼
	No Any Difference
情趣
	No Any Difference
老子听了
	No Any Difference
9755029
	No Any Difference
cctv5钓鱼教学
	No Any Difference
黄渤
	No Any Difference
网球王子最新版
	No Any Difference
床戏
	No Any Difference
巧虎
	No Any Difference
画皮2之真爱无悔
	No Any Difference
锵锵三人行
	No Any Difference
vill
	No Any Difference
3d打印
	No Any Difference
华数频道
	No Any Difference
神相李布衣
	No Any Difference
新上海滩
	No Any Difference
jpm
	No Any Difference
喷气式发动机
	No Any Difference
辛普森
	No Any Difference
火车
	No Any Difference
刀剑
	No Any Difference
世勋
	No Any Difference
泰剧恋爱ing国语版
	No Any Difference
我们家的女人们
	No Any Difference
光头强动画片熊出没
	No Any Difference
13561436
	No Any Difference
芭蕾舞
	No Any Difference
大话西游
	No Any Difference
主演全部影片
	No Any Difference
神探狄仁杰第2部
	No Any Difference
大帝
	No Any Difference
等待锭放
	No Any Difference
深夜竞技场
	No Any Difference
中南海保镖
	No Any Difference
{最佳创意奖}
	No Any Difference
成龙全部动作片喜剧
	No Any Difference
青云谱区
	No Any Difference
最美和声130720萧敬腾
	No Any Difference
宠物小精灵137
	No Any Difference
动画片
	No Any Difference
8018325
	No Any Difference
幸福
	No Any Difference
磁悬浮
	No Any Difference
英国达人秀2013中文
	No Any Difference
日剧《魔女的条件》mv
	No Any Difference
30480112
	No Any Difference
济南肚皮舞
	No Any Difference
哈以莫黑
	No Any Difference
无双剑姬小苍解说
	No Any Difference
lol
	No Any Difference
狼牙突击电视剧
	No Any Difference
安徽警官学院
	No Any Difference
cf
	No Any Difference
猫咪叫牛
	No Any Difference
3890391
	No Any Difference
可爱颂
	No Any Difference
秘密爱
	No Any Difference
再续意难忘第2部135
	No Any Difference
12首练习曲
	No Any Difference
dota2
	No Any Difference
exo
	No Any Difference
喜爱夜蒲
	No Any Difference
我是歌手
	No Any Difference
女生如何勾引男生
	No Any Difference
以色列导弹定点清除哈马斯住宅（瞬间夷平）.
	No Any Difference
2820351
	No Any Difference
屌丝男士第2季
	No Any Difference
魔术
	No Any Difference
张润贞
	No Any Difference
微电影
	No Any Difference
快乐大本营
	No Any Difference
苏英俊
	No Any Difference
lcs
	No Any Difference
群星宝丽金最受欢迎女歌星
	No Any Difference
施公案
	No Any Difference
九九艳阳天
	No Any Difference
北京贞观2013年秋季拍卖会精品推荐
	No Any Difference
14701750
	No Any Difference
选择题
	No Any Difference
每天每夜
	No Any Difference
皮影折子戏
	No Any Difference
钢铁侠
	No Any Difference
09dota零单第2季
	No Any Difference
幽默滑稽表演
	No Any Difference
广西隆安乘客持枪杀黑“黑的”司机
	No Any Difference
冲上云霄
	No Any Difference
听见你的声音
	No Any Difference
2pm
	No Any Difference
门第
	No Any Difference
无敌破环王
	No Any Difference
全民公主剧集
	No Any Difference
天天有喜
	No Any Difference
巴拉拉小魔仙
	No Any Difference
a级片人与兽_p_4_p_2
	No Any Difference
浪漫满屋主题
	No Any Difference
红莲的弓矢
	No Any Difference
我爱记歌词
	No Any Difference
exo
	No Any Difference
赛罗奥特曼剧场版大全
	No Any Difference
老粱观世界
	No Any Difference
天地玄门
	No Any Difference
终级三国
	Connect Error
lol小智
	No Any Difference
美女诱惑
	No Any Difference
上海
	No Any Difference
中华小当家第2部
	Connect Error
ygmmmmmmye
	No Any Difference
爷们是怎样炼成的
	No Any Difference
萨莫耶穿鞋袜
	No Any Difference
key
	No Any Difference
美女热舞
	No Any Difference
羽毛球
	No Any Difference
伊一唱歌
	No Any Difference
谈情说案
	No Any Difference
赵云红
	No Any Difference
猥琐的苍蝇男第三集
	No Any Difference
国产81式7.62毫米枪族系、之81-1式自动步枪装备单兵
	No Any Difference
俄军方su27内部参考摄影
	No Any Difference
蜜桃成熟时33d
	No Any Difference
beckii
	No Any Difference
米奇妙妙屋
	No Any Difference
大连星海湾啤酒节
	No Any Difference
珠光幻影
	No Any Difference
策略
	No Any Difference
鬼打鬼之黄金道士粤语
	No Any Difference
天天有喜
	No Any Difference
天天有喜电视全片集
	No Any Difference
武则天墓
	No Any Difference
儿童情商故事
	No Any Difference
共青团广西
	No Any Difference
生菜夫妇
	No Any Difference
一起来看流星雨第二部
	No Any Difference
infinite演奏
	Connect Error
只是太爱你
	No Any Difference
dior
	No Any Difference
花非花雾非雾
	No Any Difference
2011年女子散打杨培菊vs袁琦
	No Any Difference
广场舞八月十五桂花开
	No Any Difference
韩国辣妹
	No Any Difference
柯南
	No Any Difference
听见你的声音
	No Any Difference
360网址大全
	No Any Difference
心语
	No Any Difference
冲上云霄ii
	No Any Difference
2013武松电视剧
	Connect Error
军情解码
	No Any Difference
loltt
	No Any Difference
冲上云霄2
	No Any Difference
快乐大本营
	No Any Difference
霹雳侠影
	No Any Difference
甘肃徽县伏家镇洪水
	No Any Difference
培训
	No Any Difference
歌之王子殿下
	No Any Difference
翠星之加尔刚蒂亚
	No Any Difference
宠物小精灵
	No Any Difference
42210353
	No Any Difference
中国好声音第2季
	No Any Difference
2013最新美女热舞自拍视频韩国
	No Any Difference
生化阴才5
	No Any Difference
喷泉
	No Any Difference
exo全力以赴
	No Any Difference
游戏
	No Any Difference
活佛济公3
	No Any Difference
龙门镖局
	No Any Difference
名侦探柯南
	No Any Difference
深夜医院
	No Any Difference
张国荣2013
	No Any Difference
黄家驹
	No Any Difference
火影忍者
	No Any Difference
白熊カフェ
	Connect Error
火力少年王
	No Any Difference
非常出击
	No Any Difference
李鐘赫
	No Any Difference
东方不败
	No Any Difference
湖北模友飞行视频9mm
	No Any Difference
速度与激情5
	No Any Difference
突然好想你五月天
	No Any Difference
高俊熙
	No Any Difference
林保怡
	No Any Difference
全能住宅改造王2013
	No Any Difference
色欲之死
	No Any Difference
吞
	No Any Difference
陈敏尔
	No Any Difference
吻戏
	No Any Difference
一公升的眼泪
	No Any Difference
25051486
	No Any Difference
裸体表演
	No Any Difference
初小敏优酷汽车试驾
	No Any Difference
追鱼传奇
	No Any Difference
|熊大
	No Any Difference
中国好声音第2季
	No Any Difference
模特大赛泳装秀阴沟
	No Any Difference
国语爱上女主播夏娃的诱惑韩国
	No Any Difference
捷易通怎么样
	No Any Difference
综艺情书第2季
	No Any Difference
东方女子乐团
	No Any Difference
徽娘宛心
	No Any Difference
二胡style
	No Any Difference
广场舞恰恰
	No Any Difference
骑马舞江南style
	No Any Difference
《咏春小龙》宣传片
	No Any Difference
黑桐谷歌新鬼泣
	No Any Difference
29029915
	No Any Difference
俊儿
	No Any Difference
终极一班3
	No Any Difference
dota
	No Any Difference
你的女人
	Connect Error
林俊杰田馥甄
	No Any Difference
爱在春天
	No Any Difference
漂亮妻子
	No Any Difference
nubia
	No Any Difference
|成龍
	No Any Difference
人鱼公主
	No Any Difference
哈登
	No Any Difference
猫和老鼠
	No Any Difference
2013乡亲节目
	No Any Difference
火影忍者
	No Any Difference
紧急救援
	No Any Difference
郎眼财经2013最新
	No Any Difference
吉林市
	No Any Difference
漂亮妈妈孕妇瑜伽
	No Any Difference
潜行狙击
	No Any Difference
古诗300首
	No Any Difference
战争世界
	Connect Error
15743918
	No Any Difference
吉他大师
	No Any Difference
中国梦想秀第五季
	Connect Error
小时代
	No Any Difference
电动越野摩托车
	No Any Difference
梦三国粉蝶
	No Any Difference
恐怖片
	No Any Difference
电子百家乐破解
	No Any Difference
美女挑逗
	No Any Difference
搞笑僵尸全部
	No Any Difference
exo非常不一班
	No Any Difference
r16
	No Any Difference
两天一夜
	Connect Error
格斗技巧
	No Any Difference
a计划成龙
	No Any Difference
张学友
	No Any Difference
捉泥鳅
	No Any Difference
陆小凤凤舞九天
	No Any Difference
bob
	No Any Difference
8454410
	No Any Difference
吻戏
	No Any Difference
战争世界
	Connect Error
厉旭
	No Any Difference
大鹏嘚吧嘚
	No Any Difference
41508712
	No Any Difference
奥迪
	Connect Error
tamil
	No Any Difference
今夜天使降临
	No Any Difference
17526450
	No Any Difference
中国好声音
	No Any Difference
pisdota从零单排
	No Any Difference
上海滩
	No Any Difference
冥王神话
	No Any Difference
武间道
	No Any Difference
曲师大cf
	No Any Difference
女性生殖器真人视频
	No Any Difference
侠客行
	No Any Difference
小时代首映
	No Any Difference
爱情闯进门
	No Any Difference
杀手4血钱陈子豪解说
	No Any Difference
29619619
	No Any Difference
diss冯小刚
	No Any Difference
范冰冰佟大为浴室激情戏
	No Any Difference
31153894
	No Any Difference
插翅难逃
	No Any Difference
7777777777777777777777777777777777777
	No Any Difference
甄嬛传韩国
	No Any Difference
观音山水世界
	No Any Difference
校长
	No Any Difference
聊斋
	No Any Difference
真相hold得住
	No Any Difference
exo
	No Any Difference
秦岚
	No Any Difference
120703快乐大本营
	No Any Difference
44076281
	No Any Difference
刁蛮公主
	No Any Difference
男人帮
	No Any Difference
wwe2013年7月20
	No Any Difference
没离开过
	No Any Difference
嘻哈四重奏第1季
	No Any Difference
尼坤
	No Any Difference
好心作怪
	No Any Difference
n7100刷机
	No Any Difference
tamil
	No Any Difference
2013最新美女热舞自拍视频韩国
	No Any Difference
中国好声音第2季
	No Any Difference
街舞视频教程大全
	No Any Difference
130608kisstheradio
	No Any Difference
想你
	No Any Difference
我的野蛮女友
	No Any Difference
special
	No Any Difference
信仰看盘
	No Any Difference
bigbang
	No Any Difference
青春期撞上更年期二
	No Any Difference
天涯赤子心
	No Any Difference
某科学的超电磁炮第一季
	No Any Difference
clannad
	No Any Difference
